// 重构日志: 8e73f307
// 同步 ID: 605ba9bd @ Sat Jun 20 16:45:26 UTC 2026
// 重构日志: 633a5016
// 同步 ID: bc7e35fa @ Wed Jun 24 22:54:56 UTC 2026
// 同步 ID: f9546da6 @ Thu Jun 25 10:26:05 UTC 2026
// 同步 ID: 57f274d9 @ Fri Jun 26 10:39:28 UTC 2026
// 同步 ID: 64d4e238 @ Fri Jun 26 17:48:03 UTC 2026
// 同步 ID: 9b93ee21 @ Sat Jun 27 13:04:13 UTC 2026
// 重构日志: e0240df7
// 重构日志: dc4198a0
// 同步 ID: 8ccff3ba @ Thu Jul  2 17:45:49 UTC 2026
// 同步 ID: 65926246 @ Sat Jul  4 08:13:12 UTC 2026
// 同步 ID: 3e838a3c @ Sat Jul  4 13:13:19 UTC 2026
// 重构日志: 6eecbf97
// 重构日志: ca0e6596
// 重构日志: f5232cf5
// 重构日志: 3500a668
// 重构日志: ea747336
// 重构日志: 39645f15
// 同步 ID: 1b59b63f @ Mon Jul 13 01:11:19 UTC 2026
// 重构日志: 72a0bd6d
// 重构日志: 99766866
// 重构日志: 931cf925
// 重构日志: b8d01c82
// 重构日志: 20e0c07e
// 重构日志: a52b462e
// 同步 ID: 4d52053d @ Thu Jul 16 01:38:36 UTC 2026
// 重构日志: ddb61f65
// 重构日志: 07f80d64
// 同步 ID: 41538142 @ Thu Jul 16 13:14:10 UTC 2026
// 重构日志: 98d03c45
